#
# There is insufficient memory for the Java Runtime Environment to continue.
# Native memory allocation (mmap) failed to map 132120576 bytes for Failed to commit area from 0x0000000082000000 to 0x0000000089e00000 of length 132120576.
# Possible reasons:
#   The system is out of physical RAM or swap space
#   The process is running with CompressedOops enabled, and the Java Heap may be blocking the growth of the native heap
# Possible solutions:
#   Reduce memory load on the system
#   Increase physical memory or swap space
#   Check if swap backing store is full
#   Decrease Java heap size (-Xmx/-Xms)
#   Decrease number of Java threads
#   Decrease Java thread stack sizes (-Xss)
#   Set larger code cache with -XX:ReservedCodeCacheSize=
# This output file may be truncated or incomplete.
#
#  Out of Memory Error (c:/BuildAgent/work/5ff2f6c26000d570/src/hotspot/os/windows/os_windows.cpp:3291), pid=5388, tid=14364
#
# JRE version:  (11.0.5+10) (build )
# Java VM: OpenJDK 64-Bit Server VM (11.0.5+10-b520.30, mixed mode, aot, sharing, tiered, compressed oops, g1 gc, windows-amd64)
# No core dump will be written. Minidumps are not enabled by default on client versions of Windows
#

---------------  S U M M A R Y ------------

Command Line: org.jetbrains.git4idea.http.GitAskPassApp Username for 'https://git.lecarlink.com': 

Host: Intel(R) Core(TM) i5-8500 CPU @ 3.00GHz, 6 cores, 7G,  Windows 10 , 64 bit Build 18362 (10.0.18362.1110)
Time: Mon Dec 28 14:48:43 2020 ?D1¨²¡À¨º¡Á?¨º¡À?? elapsed time: 0 seconds (0d 0h 0m 0s)

---------------  T H R E A D  ---------------

Current thread (0x000001b7f2e9b000):  JavaThread "Unknown thread" [_thread_in_vm, id=14364, stack(0x000000a963600000,0x000000a963700000)]

Stack: [0x000000a963600000,0x000000a963700000]
Native frames: (J=compiled Java code, j=interpreted, Vv=VM code, C=native code)
V  [jvm.dll+0x5dcafa]
V  [jvm.dll+0x70e375]
V  [jvm.dll+0x70f898]
V  [jvm.dll+0x70ff63]
V  [jvm.dll+0x23e238]
V  [jvm.dll+0x5da1c4]
V  [jvm.dll+0x5cf265]
V  [jvm.dll+0x2fac3b]
V  [jvm.dll+0x2fabaa]
V  [jvm.dll+0x2faa82]
V  [jvm.dll+0x2ff956]
V  [jvm.dll+0x3480d3]
V  [jvm.dll+0x3487d6]
V  [jvm.dll+0x3481d3]
V  [jvm.dll+0x2d5548]
V  [jvm.dll+0x2d66e7]
V  [jvm.dll+0x6ed237]
V  [jvm.dll+0x6eea2c]
V  [jvm.dll+0x355849]
V  [jvm.dll+0x6d239e]
V  [jvm.dll+0x3be283]
V  [jvm.dll+0x3c0701]
C  [jli.dll+0x5363]
C  [ucrtbase.dll+0x210b2]
C  [KERNEL32.DLL+0x17c24]
C  [ntdll.dll+0x6d4d1]


---------------  P R O C E S S  ---------------

Threads class SMR info:
_java_thread_list=0x000001b7f2dc8cd0, length=0, elements={
}

Java Threads: ( => current thread )

Other Threads:
  0x000001b7f4ff4800 GCTaskThread "GC Thread#0" [stack: 0x000000a963700000,0x000000a963800000] [id=25676]
  0x000001b7f5024000 ConcurrentGCThread "G1 Main Marker" [stack: 0x000000a963800000,0x000000a963900000] [id=6228]
  0x000001b7f5026800 ConcurrentGCThread "G1 Conc#0" [stack: 0x000000a963900000,0x000000a963a00000] [id=1188]

[error occurred during error reporting (printing all threads), id 0xc0000005, EXCEPTION_ACCESS_VIOLATION (0xc0000005) at pc=0x00007fff4ec45c17]

VM state:not at safepoint (not fully initialized)

VM Mutex/Monitor currently owned by a thread:  ([mutex/lock_event])
[0x000001b7f4fde7f0] Heap_lock - owner thread: 0x000001b7f2e9b000

Heap address: 0x0000000082000000, size: 2016 MB, Compressed Oops mode: Non-zero based: 0x0000000082000000
Narrow klass base: 0x0000000000000000, Narrow klass shift: 0

GC Heap History (0 events):
No events

Deoptimization events (0 events):
No events

Classes redefined (0 events):
No events

Internal exceptions (0 events):
No events

Events (0 events):
No events


Dynamic libraries:
0x00007ff7d4040000 - 0x00007ff7d404a000 	E:\java-soft\ideaIU-2019.3.2.win\jbr\bin\java.exe
0x00007fffa72c0000 - 0x00007fffa74b0000 	C:\Windows\SYSTEM32\ntdll.dll
0x00007fffa6670000 - 0x00007fffa6722000 	C:\Windows\System32\KERNEL32.DLL
0x00007fffa4cc0000 - 0x00007fffa4f65000 	C:\Windows\System32\KERNELBASE.dll
0x00007fffa4fc0000 - 0x00007fffa50ba000 	C:\Windows\System32\ucrtbase.dll
0x00007fff8e200000 - 0x00007fff8e219000 	E:\java-soft\ideaIU-2019.3.2.win\jbr\bin\jli.dll
0x00007fff958c0000 - 0x00007fff958d7000 	E:\java-soft\ideaIU-2019.3.2.win\jbr\bin\VCRUNTIME140.dll
0x00007fffa6020000 - 0x00007fffa61b4000 	C:\Windows\System32\USER32.dll
0x00007fffa50c0000 - 0x00007fffa50e1000 	C:\Windows\System32\win32u.dll
0x00007fffa6730000 - 0x00007fffa6756000 	C:\Windows\System32\GDI32.dll
0x00007fff9cc30000 - 0x00007fff9ceb4000 	C:\Windows\WinSxS\amd64_microsoft.windows.common-controls_6595b64144ccf1df_6.0.18362.1256_none_9e7e379be45e40e2\COMCTL32.dll
0x00007fffa4390000 - 0x00007fffa4526000 	C:\Windows\System32\gdi32full.dll
0x00007fffa5370000 - 0x00007fffa540e000 	C:\Windows\System32\msvcrt.dll
0x00007fffa52d0000 - 0x00007fffa536e000 	C:\Windows\System32\msvcp_win.dll
0x00007fffa59e0000 - 0x00007fffa5d16000 	C:\Windows\System32\combase.dll
0x00007fffa5890000 - 0x00007fffa59b0000 	C:\Windows\System32\RPCRT4.dll
0x00007fffa5240000 - 0x00007fffa52c1000 	C:\Windows\System32\bcryptPrimitives.dll
0x00007fffa59b0000 - 0x00007fffa59de000 	C:\Windows\System32\IMM32.DLL
0x00007fff780d0000 - 0x00007fff7816d000 	E:\java-soft\ideaIU-2019.3.2.win\jbr\bin\msvcp140.dll
0x00007fff4e960000 - 0x00007fff4f41b000 	E:\java-soft\ideaIU-2019.3.2.win\jbr\bin\server\jvm.dll
0x00007fffa67e0000 - 0x00007fffa6883000 	C:\Windows\System32\ADVAPI32.dll
0x00007fffa5f20000 - 0x00007fffa5fb7000 	C:\Windows\System32\sechost.dll
0x00007fffa5880000 - 0x00007fffa5888000 	C:\Windows\System32\PSAPI.DLL
0x00007fff91e80000 - 0x00007fff91e89000 	C:\Windows\SYSTEM32\WSOCK32.dll
0x00007fffa65e0000 - 0x00007fffa664f000 	C:\Windows\System32\WS2_32.dll
0x00007fffa20f0000 - 0x00007fffa2114000 	C:\Windows\SYSTEM32\WINMM.dll
0x00007fffa3cd0000 - 0x00007fffa3cda000 	C:\Windows\SYSTEM32\VERSION.dll
0x00007fffa20c0000 - 0x00007fffa20ed000 	C:\Windows\SYSTEM32\winmmbase.dll
0x00007fffa4f70000 - 0x00007fffa4fba000 	C:\Windows\System32\cfgmgr32.dll
0x00007fffa4170000 - 0x00007fffa4181000 	C:\Windows\System32\kernel.appcore.dll
0x00007fff93650000 - 0x00007fff93661000 	E:\java-soft\ideaIU-2019.3.2.win\jbr\bin\verify.dll
0x00007fff9ea80000 - 0x00007fff9ec74000 	C:\Windows\SYSTEM32\DBGHELP.DLL
0x00007fff9e350000 - 0x00007fff9e37a000 	C:\Windows\SYSTEM32\dbgcore.DLL
0x00007fff93620000 - 0x00007fff93649000 	E:\java-soft\ideaIU-2019.3.2.win\jbr\bin\java.dll
0x00007fff8e1e0000 - 0x00007fff8e1f7000 	E:\java-soft\ideaIU-2019.3.2.win\jbr\bin\zip.dll
0x00007fff8e1d0000 - 0x00007fff8e1db000 	E:\java-soft\ideaIU-2019.3.2.win\jbr\bin\jimage.dll

dbghelp: loaded successfully - version: 4.0.5 - missing functions: none
symbol engine: initialized successfully - sym options: 0x614 - pdb path: .;E:\java-soft\ideaIU-2019.3.2.win\jbr\bin;C:\Windows\SYSTEM32;C:\Windows\WinSxS\amd64_microsoft.windows.common-controls_6595b64144ccf1df_6.0.18362.1256_none_9e7e379be45e40e2;E:\java-soft\ideaIU-2019.3.2.win\jbr\bin\server

VM Arguments:
java_command: org.jetbrains.git4idea.http.GitAskPassApp Username for 'https://git.lecarlink.com': 
java_class_path (initial): E:/java-soft/ideaIU-2019.3.2.win/plugins/git4idea/lib/git4idea-rt.jar;E:/java-soft/ideaIU-2019.3.2.win/lib/xmlrpc-2.0.1.jar;E:/java-soft/ideaIU-2019.3.2.win/lib/commons-codec-1.13.jar;E:/java-soft/ideaIU-2019.3.2.win/lib/util.jar
Launcher Type: SUN_STANDARD

[Global flags]
     intx CICompilerCount                          = 3                                         {product} {ergonomic}
     uint ConcGCThreads                            = 2                                         {product} {ergonomic}
     uint G1ConcRefinementThreads                  = 6                                         {product} {ergonomic}
   size_t G1HeapRegionSize                         = 1048576                                   {product} {ergonomic}
    uintx GCDrainStackTargetSize                   = 64                                        {product} {ergonomic}
   size_t InitialHeapSize                          = 132120576                                 {product} {ergonomic}
   size_t MarkStackSize                            = 4194304                                   {product} {ergonomic}
   size_t MaxHeapSize                              = 2113929216                                {product} {ergonomic}
   size_t MinHeapDeltaBytes                        = 1048576                                   {product} {ergonomic}
    uintx NonNMethodCodeHeapSize                   = 5830732                                {pd product} {ergonomic}
    uintx NonProfiledCodeHeapSize                  = 122913754                              {pd product} {ergonomic}
    uintx ProfiledCodeHeapSize                     = 122913754                              {pd product} {ergonomic}
    uintx ReservedCodeCacheSize                    = 251658240                              {pd product} {ergonomic}
     bool SegmentedCodeCache                       = true                                      {product} {ergonomic}
     bool UseCompressedClassPointers               = true                                 {lp64_product} {ergonomic}
     bool UseCompressedOops                        = true                                 {lp64_product} {ergonomic}
     bool UseG1GC                                  = true                                      {product} {ergonomic}
     bool UseLargePagesIndividualAllocation        = false                                  {pd product} {ergonomic}

Logging:
Log output configuration:
 #0: stdout all=warning uptime,level,tags
 #1: stderr all=off uptime,level,tags

Environment Variables:
JAVA_HOME=D:\Java\jdk1.8.0_144
PATH=E:\Program Files\Git\mingw64\libexec\git-core;E:\Program Files\Git\mingw64\libexec\git-core;E:\Program Files\Git\mingw64\bin;E:\Program Files\Git\usr\bin;C:\Users\lucifer\bin;E:\Program Files (x86)\NetSarang\Xshell 6;E:\app\lucifer\product\11.2.0\client_1;C:\ProgramData\Oracle\Java\javapath;C:\Windows\system32;C:\Windows;C:\Windows\System32\Wbem;C:\Windows\System32\WindowsPowerShell\v1.0;C:\Windows\System32\OpenSSH;C:\Program Files\Microsoft SQL Server\120\Tools\Binn;E:\Program Files\TortoiseSVN\bin;D:\Java\jdk1.8.0_144\bin;D:\soft\apache-maven-3.5.4-bin\bin;C:\Program Files (x86)\VisualSVN\bin;E:\Program Files\Git\cmd;E:\Program Files\Git\usr\bin;C:\Program Files\dotnet;C:\Program Files (x86)\dotnet;E:\Program Files\Microsoft VS Code\bin;E:\nodejs;C:\MinGW\bin;C:\Windows\Microsoft.NET\Framework64\v4.0.30319;E:\Programs\Python\Python38;E:\Programs\Python\Python38\Scripts;C:\Program Files\Microsoft SQL Server\130\Tools\Binn;C:\Program Files\Microsoft SQL Server\Client SDK\ODBC\170\Tools\Binn;C:\MinGW\bin;E:\Program Files (x86)\Microsoft Visual Studio\2019\BuildTools\VC\Tools\MSVC\14.27.29110\bin\Hostx64\x64;C:\Users\lucifer\AppData\Local\Microsoft\WindowsApps;C:\Users\lucifer\AppData\Local\BypassRuntm;C:\Users\lucifer\.dotnet\tools;C:\Users\lucifer\AppData\Roaming\npm;E:\Program Files\JetBrains\PyCharm Community Edition 2020.2.3\bin;C:\Users\lucifer\.dotnet\tools;E:\Programs\Python\Python38\Scripts;E:\Programs\Python\Python38
USERNAME=lucifer
DISPLAY=:0.0
OS=Windows_NT
PROCESSOR_IDENTIFIER=Intel64 Family 6 Model 158 Stepping 10, GenuineIntel



---------------  S Y S T E M  ---------------

OS: Windows 10 , 64 bit Build 18362 (10.0.18362.1110)

CPU:total 6 (initial active 6) (6 cores per cpu, 1 threads per core) family 6 model 158 stepping 10, cmov, cx8, fxsr, mmx, sse, sse2, sse3, ssse3, sse4.1, sse4.2, popcnt, avx, avx2, aes, clmul, erms, rtm, 3dnowpref, lzcnt, tsc, tscinvbit, bmi1, bmi2, adx, fma

Memory: 4k page, system-wide physical 8056M (1096M free)
TotalPageFile size 18296M (AvailPageFile size 107M)
current process WorkingSet (physical memory assigned to process): 10M, peak: 10M
current process commit charge ("private bytes"): 56M, peak: 181M

vm_info: OpenJDK 64-Bit Server VM (11.0.5+10-b520.30) for windows-amd64 JRE (11.0.5+10-b520.30), built on Dec 24 2019 12:06:09 by "" with MS VC++ 14.0 (VS2015)

END.
